1656092442493	geckodriver	INFO	Listening on 127.0.0.1:55809
1656092445578	mozrunner::runner	INFO	Running command: "C:\\Program Files\\Mozilla Firefox\\firefox.exe" "--marionette" "--remote-debugging-port" "55810" "--remote-allow-hosts" "localhost" "-no-remote" "-profile" "C:\\Users\\ASUS\\AppData\\Local\\Temp\\rust_mozprofileLz9KVf"
1656092446304	Marionette	INFO	Marionette enabled
WebDriver BiDi listening on ws://localhost:55810
console.warn: SearchSettings: "get: No settings file exists, new profile?" (new NotFoundError("Could not open the file at C:\\Users\\ASUS\\AppData\\Local\\Temp\\rust_mozprofileLz9KVf\\search.json.mozlz4", (void 0)))
1656092448393	Marionette	INFO	Listening on port 55832
DevTools listening on ws://localhost:55810/devtools/browser/4c434cce-ab05-4793-b233-fd2ad71d40b1
Read port: 55832
1656092448439	RemoteAgent	WARN	TLS certificate errors will be ignored for this session
1656092463865	Marionette	INFO	Stopped listening on port 55832
console.warn: TopSitesFeed: Failed to fetch data from Contile server: NetworkError when attempting to fetch resource.
1656092476558	geckodriver	INFO	Listening on 127.0.0.1:55860
1656092479638	mozrunner::runner	INFO	Running command: "C:\\Program Files\\Mozilla Firefox\\firefox.exe" "--marionette" "--remote-debugging-port" "55861" "--remote-allow-hosts" "localhost" "-no-remote" "-profile" "C:\\Users\\ASUS\\AppData\\Local\\Temp\\rust_mozprofileKK6dcI"
1656092480004	Marionette	INFO	Marionette enabled
WebDriver BiDi listening on ws://localhost:55861
console.warn: SearchSettings: "get: No settings file exists, new profile?" (new NotFoundError("Could not open the file at C:\\Users\\ASUS\\AppData\\Local\\Temp\\rust_mozprofileKK6dcI\\search.json.mozlz4", (void 0)))
1656092481735	Marionette	INFO	Listening on port 55880
DevTools listening on ws://localhost:55861/devtools/browser/7a1ba3bc-0b30-46aa-a9b1-a67c8ce4643e
Read port: 55880
1656092481834	RemoteAgent	WARN	TLS certificate errors will be ignored for this session
1656092506110	Marionette	INFO	Stopped listening on port 55880
console.warn: TopSitesFeed: Failed to fetch data from Contile server: NetworkError when attempting to fetch resource.

###!!! [Parent][PGPUParent] Error: RunMessage(msgname=PGPU::Msg_ShutdownVR) Channel closing: too late to send/recv, messages will be lost

1656092513072	geckodriver	INFO	Listening on 127.0.0.1:55911
1656092516148	mozrunner::runner	INFO	Running command: "C:\\Program Files\\Mozilla Firefox\\firefox.exe" "--marionette" "--remote-debugging-port" "55912" "--remote-allow-hosts" "localhost" "-no-remote" "-profile" "C:\\Users\\ASUS\\AppData\\Local\\Temp\\rust_mozprofilehuMyBR"
1656092516519	Marionette	INFO	Marionette enabled
WebDriver BiDi listening on ws://localhost:55912
console.warn: SearchSettings: "get: No settings file exists, new profile?" (new NotFoundError("Could not open the file at C:\\Users\\ASUS\\AppData\\Local\\Temp\\rust_mozprofilehuMyBR\\search.json.mozlz4", (void 0)))
1656092518363	Marionette	INFO	Listening on port 55931
DevTools listening on ws://localhost:55912/devtools/browser/a578696d-dee6-4355-bfa1-d049a2e8b7f9
Read port: 55931
1656092518440	RemoteAgent	WARN	TLS certificate errors will be ignored for this session
console.error: Region.jsm: "Error fetching region" (new Error("TIMEOUT", "resource://gre/modules/Region.jsm", 767))
console.error: Region.jsm: "Failed to fetch region" (new Error("TIMEOUT", "resource://gre/modules/Region.jsm", 419))
1656092531028	Marionette	INFO	Stopped listening on port 55931
console.warn: TopSitesFeed: Failed to fetch data from Contile server: NetworkError when attempting to fetch resource.
1656092541811	geckodriver	INFO	Listening on 127.0.0.1:55966
1656092544899	mozrunner::runner	INFO	Running command: "C:\\Program Files\\Mozilla Firefox\\firefox.exe" "--marionette" "--remote-debugging-port" "55967" "--remote-allow-hosts" "localhost" "-no-remote" "-profile" "C:\\Users\\ASUS\\AppData\\Local\\Temp\\rust_mozprofilempI1uC"
1656092545258	Marionette	INFO	Marionette enabled
WebDriver BiDi listening on ws://localhost:55967
console.warn: SearchSettings: "get: No settings file exists, new profile?" (new NotFoundError("Could not open the file at C:\\Users\\ASUS\\AppData\\Local\\Temp\\rust_mozprofilempI1uC\\search.json.mozlz4", (void 0)))
1656092547195	Marionette	INFO	Listening on port 55988
DevTools listening on ws://localhost:55967/devtools/browser/c48ecc94-3cde-4bf4-bc17-f9ef99ed9892
Read port: 55988
1656092547304	RemoteAgent	WARN	TLS certificate errors will be ignored for this session
1656092578626	geckodriver	INFO	Listening on 127.0.0.1:56021
1656092581695	mozrunner::runner	INFO	Running command: "C:\\Program Files\\Mozilla Firefox\\firefox.exe" "--marionette" "--remote-debugging-port" "56022" "--remote-allow-hosts" "localhost" "-no-remote" "-profile" "C:\\Users\\ASUS\\AppData\\Local\\Temp\\rust_mozprofilezKwBDz"
1656092582044	Marionette	INFO	Marionette enabled
WebDriver BiDi listening on ws://localhost:56022
console.warn: SearchSettings: "get: No settings file exists, new profile?" (new NotFoundError("Could not open the file at C:\\Users\\ASUS\\AppData\\Local\\Temp\\rust_mozprofilezKwBDz\\search.json.mozlz4", (void 0)))
1656092583934	Marionette	INFO	Listening on port 56041
Read port: 56041
1656092583958	RemoteAgent	WARN	TLS certificate errors will be ignored for this session
DevTools listening on ws://localhost:56022/devtools/browser/560d2bee-bafc-4c1c-9254-a8e4ddcdcc57
1656092591405	Marionette	INFO	Stopped listening on port 56041
console.warn: TopSitesFeed: Failed to fetch data from Contile server: NetworkError when attempting to fetch resource.
